[2026/4/19 下午11:05:23] GET /
[2026/4/19 下午11:05:23] GET /css/style.css
[2026/4/19 下午11:05:23] GET /favicon.ico
[2026/4/19 下午11:05:25] GET /product/ILCE-6700.html
[2026/4/19 下午11:05:25] GET /images/a6700.jpg
[2026/4/19 下午11:05:28] GET /
[2026/4/19 下午11:05:28] GET /css/style.css
[2026/4/19 下午11:05:29] GET /product/ILCE-7M5.html
[2026/4/19 下午11:05:29] GET /images/a7m5.jpg
[2026/4/19 下午11:05:30] GET /
[2026/4/19 下午11:05:30] GET /css/style.css
[2026/4/19 下午11:05:31] GET /product/ILCE-1M2.html
[2026/4/19 下午11:05:31] GET /images/a1m2.jpg
[2026/4/19 下午11:05:32] GET /
[2026/4/19 下午11:05:32] GET /css/style.css
[2026/4/19 下午11:05:33] GET /admin?code=521
[2026/4/19 下午11:17:23] GET /product/ILCE-6700.html
[2026/4/19 下午11:17:23] GET /images/a6700.jpg
[2026/4/19 下午11:17:41] GET /
[2026/4/19 下午11:17:41] GET /css/style.css
[2026/4/19 下午11:17:42] GET /admin?code=521
[2026/4/19 下午11:20:31] GET /
[2026/4/19 下午11:20:31] GET /css/style.css
[2026/4/19 下午11:20:34] GET /admin?code=521
[2026/4/19 下午11:20:38] GET /product/ILCE-6700.html
[2026/4/19 下午11:20:38] GET /images/a6700.jpg
[2026/4/19 下午11:20:39] GET /
[2026/4/19 下午11:20:39] GET /css/style.css
[2026/4/19 下午11:21:06] GET /product/ILCE-6700.html
[2026/4/19 下午11:21:06] GET /images/a6700.jpg
[2026/4/19 下午11:21:31] GET /product/sony-abc.html
[2026/4/19 下午11:22:39] GET /product/sony-abc.html
[2026/4/19 下午11:22:42] GET /product/sony-abc.html
[2026/4/19 下午11:22:44] GET /product/sony-abc.html
[2026/4/19 下午11:23:13] GET /product/sony-abc.html
[2026/4/19 下午11:23:39] GET /admin
[2026/4/19 下午11:23:58] GET /admin?code=521
[2026/4/19 下午11:30:53] GET /admin
[2026/4/19 下午11:31:04] GET /
[2026/4/19 下午11:31:04] GET /css/style.css
[2026/4/19 下午11:31:06] GET /product/ILCE-6700.html
[2026/4/19 下午11:31:06] GET /images/a6700.jpg
[2026/4/19 下午11:55:41] GET /wrong-page
[2026/4/19 下午11:56:13] GET /.well-known/appspecific/com.chrome.devtools.json
[2026/4/20 上午12:04:37] GET /wrong-page
[2026/4/20 上午12:04:37] GET /.well-known/appspecific/com.chrome.devtools.json
[2026/4/20 上午12:10:35] GET /wrong-page
[2026/4/20 上午12:10:35] GET /.well-known/appspecific/com.chrome.devtools.json
[2026/4/20 上午12:19:52] GET /any-random-path
